<?xml version="1.0" encoding="UTF-8" ?>
<testsuite tests="3" failures="1" name="com.chenzf.service.UserServiceTest" time="0.122" errors="0" skipped="0">
  <properties>
    <property name="idea.version" value="2018.2.4"/>
    <property name="java.runtime.name" value="Java(TM) SE Runtime Environment"/>
    <property name="sun.boot.library.path" value="D:\WinSoftware\JDK\jdk\jre\bin"/>
    <property name="java.vm.version" value="25.65-b01"/>
    <property name="java.vm.vendor" value="Oracle Corporation"/>
    <property name="maven.multiModuleProjectDirectory" value="D:\Learning\Spring\SpringProject\UserLogin\UserLoginDemo"/>
    <property name="java.vendor.url" value="http://java.oracle.com/"/>
    <property name="path.separator" value=";"/>
    <property name="guice.disable.misplaced.annotation.check" value="true"/>
    <property name="java.vm.name" value="Java HotSpot(TM) Client VM"/>
    <property name="file.encoding.pkg" value="sun.io"/>
    <property name="user.script" value=""/>
    <property name="user.country" value="CN"/>
    <property name="sun.java.launcher" value="SUN_STANDARD"/>
    <property name="sun.os.patch.level" value=""/>
    <property name="java.vm.specification.name" value="Java Virtual Machine Specification"/>
    <property name="user.dir" value="D:\Learning\Spring\SpringProject\UserLogin\UserLoginDemo"/>
    <property name="java.runtime.version" value="1.8.0_65-b17"/>
    <property name="java.awt.graphicsenv" value="sun.awt.Win32GraphicsEnvironment"/>
    <property name="java.endorsed.dirs" value="D:\WinSoftware\JDK\jdk\jre\lib\endorsed"/>
    <property name="os.arch" value="x86"/>
    <property name="java.io.tmpdir" value="C:\Users\Chenzf\AppData\Local\Temp\"/>
    <property name="line.separator" value="
"/>
    <property name="java.vm.specification.vendor" value="Oracle Corporation"/>
    <property name="user.variant" value=""/>
    <property name="os.name" value="Windows 10"/>
    <property name="classworlds.conf" value="D:\WinSoftware\JetBrains\IntelliJ IDEA 2018.2.4\plugins\maven\lib\maven3\bin\m2.conf"/>
    <property name="sun.jnu.encoding" value="GBK"/>
    <property name="java.library.path" value="D:\WinSoftware\JDK\jdk\bin;C:\WINDOWS\Sun\Java\bin;C:\WINDOWS\system32;C:\WINDOWS;C:\Program Files (x86)\NVIDIA Corporation\PhysX\Common;C:\WINDOWS\system32;C:\WINDOWS;C:\WINDOWS\System32\Wbem;C:\WINDOWS\System32\WindowsPowerShell\v1.0\;C:\WINDOWS\System32\OpenSSH\;D:\WinSoftware\Putty\;D:\WinSoftware\JDK\jdk\bin;D:\WinSoftware\JDK\jdk\jre\bin;C:\Program Files (x86)\IVI Foundation\VISA\WinNT\Bin\;C:\Program Files\IVI Foundation\VISA\Win64\Bin\;C:\Program Files (x86)\IVI Foundation\VISA\WinNT\Bin;C:\Program Files\Microsoft SQL Server\Client SDK\ODBC\110\Tools\Binn\;C:\Program Files (x86)\Microsoft SQL Server\120\Tools\Binn\;C:\Program Files\Microsoft SQL Server\120\Tools\Binn\;C:\Program Files\Microsoft SQL Server\120\DTS\Binn\;C:\Program Files (x86)\Windows Kits\8.1\Windows Performance Toolkit\;C:\Program Files (x86)\National Instruments\Shared\LabVIEW CLI;D:\WinSoftware\Maven3.5\bin;D:\WinSoftware\nodejs\;D:\WinSoftware\Git\cmd;D:\WinSoftware\Python3.6_32\Scripts\;D:\WinSoftware\Python3.6_32\;D:\WinSoftware\Python3.6\Scripts\;D:\WinSoftware\Python3.6\;C:\Users\Chenzf\AppData\Local\Microsoft\WindowsApps;D:\WinSoftware\Bandizip\;D:\WinSoftware\LaTeX\texlive\2018\bin\win32;D:\WinSoftware\Python3.6_32\python36.dll;C:\Users\Chenzf\AppData\Local\Microsoft\WindowsApps;C:\Users\Chenzf\AppData\Roaming\npm;C:\Users\Chenzf\AppData\Local\GitHubDesktop\bin;."/>
    <property name="java.specification.name" value="Java Platform API Specification"/>
    <property name="java.class.version" value="52.0"/>
    <property name="sun.management.compiler" value="HotSpot Client Compiler"/>
    <property name="os.version" value="10.0"/>
    <property name="user.home" value="C:\Users\Chenzf"/>
    <property name="user.timezone" value="Asia/Shanghai"/>
    <property name="java.awt.printerjob" value="sun.awt.windows.WPrinterJob"/>
    <property name="java.specification.version" value="1.8"/>
    <property name="file.encoding" value="UTF-8"/>
    <property name="user.name" value="Chenzf"/>
    <property name="java.class.path" value="D:\WinSoftware\JetBrains\IntelliJ IDEA 2018.2.4\plugins\maven\lib\maven3\boot\plexus-classworlds-2.5.2.jar;D:\WinSoftware\JetBrains\IntelliJ IDEA 2018.2.4\lib\idea_rt.jar"/>
    <property name="java.vm.specification.version" value="1.8"/>
    <property name="sun.arch.data.model" value="32"/>
    <property name="java.home" value="D:\WinSoftware\JDK\jdk\jre"/>
    <property name="sun.java.command" value="org.codehaus.classworlds.Launcher -Didea.version=2018.2.4 org.mortbay.jetty:maven-jetty-plugin:6.1.25:run-exploded"/>
    <property name="java.specification.vendor" value="Oracle Corporation"/>
    <property name="user.language" value="zh"/>
    <property name="awt.toolkit" value="sun.awt.windows.WToolkit"/>
    <property name="java.vm.info" value="mixed mode"/>
    <property name="java.version" value="1.8.0_65"/>
    <property name="java.ext.dirs" value="D:\WinSoftware\JDK\jdk\jre\lib\ext;C:\WINDOWS\Sun\Java\lib\ext"/>
    <property name="sun.boot.class.path" value="D:\WinSoftware\JDK\jdk\jre\lib\resources.jar;D:\WinSoftware\JDK\jdk\jre\lib\rt.jar;D:\WinSoftware\JDK\jdk\jre\lib\sunrsasign.jar;D:\WinSoftware\JDK\jdk\jre\lib\jsse.jar;D:\WinSoftware\JDK\jdk\jre\lib\jce.jar;D:\WinSoftware\JDK\jdk\jre\lib\charsets.jar;D:\WinSoftware\JDK\jdk\jre\lib\jfr.jar;D:\WinSoftware\JDK\jdk\jre\classes"/>
    <property name="java.vendor" value="Oracle Corporation"/>
    <property name="maven.home" value="D:\WinSoftware\JetBrains\IntelliJ IDEA 2018.2.4\plugins\maven\lib\maven3"/>
    <property name="file.separator" value="\"/>
    <property name="java.vendor.url.bug" value="http://bugreport.sun.com/bugreport/"/>
    <property name="sun.cpu.endian" value="little"/>
    <property name="sun.io.unicode.encoding" value="UnicodeLittle"/>
    <property name="sun.desktop" value="windows"/>
    <property name="sun.cpu.isalist" value="pentium_pro+mmx pentium_pro pentium+mmx pentium i486 i386 i86"/>
  </properties>
  <testcase classname="com.chenzf.service.UserServiceTest" name="testHasMatchUser" time="0.029">
    <failure message="expected [true] but found [false]" type="java.lang.AssertionError">java.lang.AssertionError: expected [true] but found [false]
	at org.testng.Assert.fail(Assert.java:94)
	at org.testng.Assert.failNotEquals(Assert.java:494)
	at org.testng.Assert.assertTrue(Assert.java:42)
	at org.testng.Assert.assertTrue(Assert.java:52)
	at com.chenzf.service.UserServiceTest.testHasMatchUser(UserServiceTest.java:39)
</failure>
    <system-out>Configuring TestNG with: org.apache.maven.surefire.testng.conf.TestNGMapConfigurator@122bbb7
</system-out>
    <system-err>ʮһ�� 04, 2020 11:00:23 ���� org.springframework.test.context.support.DefaultTestContextBootstrapper getTestExecutionListeners
��Ϣ: Using TestExecutionListeners: [org.springframework.test.context.web.ServletTestExecutionListener@136e637, org.springframework.test.context.support.DirtiesContextBeforeModesTestExecutionListener@18486a3, org.springframework.test.context.support.DependencyInjectionTestExecutionListener@11aa95a, org.springframework.test.context.support.DirtiesContextTestExecutionListener@1d176f7, org.springframework.test.context.transaction.TransactionalTestExecutionListener@1fe2924, org.springframework.test.context.jdbc.SqlScriptsTestExecutionListener@bc05a6]
ʮһ�� 04, 2020 11:00:23 ���� org.springframework.beans.factory.xml.XmlBeanDefinitionReader loadBeanDefinitions
��Ϣ: Loading XML bean definitions from URL [file:/D:/Learning/Spring/SpringProject/UserLogin/UserLoginDemo/target/classes/userlogin.xml]
ʮһ�� 04, 2020 11:00:23 ���� org.springframework.context.support.GenericApplicationContext prepareRefresh
��Ϣ: Refreshing org.springframework.context.support.GenericApplicationContext@61468e: startup date [Wed Nov 04 23:00:23 CST 2020]; root of context hierarchy
ʮһ�� 04, 2020 11:00:24 ���� org.springframework.test.context.transaction.TransactionContext startTransaction
��Ϣ: Began transaction (1) for test context [DefaultTestContext@8ead47 testClass = UserServiceTest, testInstance = com.chenzf.service.UserServiceTest@14e1a0f, testMethod = testFindUserByUserName@UserServiceTest, testException = [null], mergedContextConfiguration = [MergedContextConfiguration@6aa211 testClass = UserServiceTest, locations = &apos;{classpath*:/userlogin.xml}&apos;, classes = &apos;{}&apos;, contextInitializerClasses = &apos;[]&apos;, activeProfiles = &apos;{}&apos;, propertySourceLocations = &apos;{}&apos;, propertySourceProperties = &apos;{}&apos;, contextLoader = &apos;org.springframework.test.context.support.DelegatingSmartContextLoader&apos;, parent = [null]]]; transaction manager [org.springframework.jdbc.datasource.DataSourceTransactionManager@7116c7]; rollback [true]
ʮһ�� 04, 2020 11:00:24 ���� org.springframework.test.context.transaction.TransactionContext startTransaction
��Ϣ: Began transaction (1) for test context [DefaultTestContext@8ead47 testClass = UserServiceTest, testInstance = com.chenzf.service.UserServiceTest@14e1a0f, testMethod = testFindUserByUserName@UserServiceTest, testException = [null], mergedContextConfiguration = [MergedContextConfiguration@6aa211 testClass = UserServiceTest, locations = &apos;{classpath*:/userlogin.xml}&apos;, classes = &apos;{}&apos;, contextInitializerClasses = &apos;[]&apos;, activeProfiles = &apos;{}&apos;, propertySourceLocations = &apos;{}&apos;, propertySourceProperties = &apos;{}&apos;, contextLoader = &apos;org.springframework.test.context.support.DelegatingSmartContextLoader&apos;, parent = [null]]]; transaction manager [org.springframework.jdbc.datasource.DataSourceTransactionManager@7116c7]; rollback [true]
ʮһ�� 04, 2020 11:00:24 ���� org.springframework.test.context.transaction.TransactionContext startTransaction
��Ϣ: Began transaction (1) for test context [DefaultTestContext@8ead47 testClass = UserServiceTest, testInstance = com.chenzf.service.UserServiceTest@14e1a0f, testMethod = testFindUserByUserName@UserServiceTest, testException = [null], mergedContextConfiguration = [MergedContextConfiguration@6aa211 testClass = UserServiceTest, locations = &apos;{classpath*:/userlogin.xml}&apos;, classes = &apos;{}&apos;, contextInitializerClasses = &apos;[]&apos;, activeProfiles = &apos;{}&apos;, propertySourceLocations = &apos;{}&apos;, propertySourceProperties = &apos;{}&apos;, contextLoader = &apos;org.springframework.test.context.support.DelegatingSmartContextLoader&apos;, parent = [null]]]; transaction manager [org.springframework.jdbc.datasource.DataSourceTransactionManager@7116c7]; rollback [true]
</system-err>
  </testcase>
  <testcase classname="com.chenzf.service.UserServiceTest" name="testAddLoginLog" time="0.035"/>
  <testcase classname="com.chenzf.service.UserServiceTest" name="testFindUserByUserName" time="0.058"/>
</testsuite>